<?xml version="1.0" encoding="UTF-8"?>
<robot generator="Robot 3.2.2 (Python 3.9.1 on win32)" generated="20210106 13:16:27.512" rpa="false">
<suite id="s1" name="TDD" source="C:\Users\Tamas\IdeaProjects\RobotAutomation2\TestCases\TDD.robot">
<test id="s1-t1" name="TDD 1">
<kw name="Open Browser" library="SeleniumLibrary">
<doc>Opens a new browser instance to the optional ``url``.</doc>
<arguments>
<arg>${Url}</arg>
<arg>${Browser}</arg>
</arguments>
<msg timestamp="20210106 13:16:28.347" level="INFO">Opening browser 'Chrome' to base url 'http://www.thetestingworld.com'.</msg>
<status status="PASS" starttime="20210106 13:16:28.347" endtime="20210106 13:16:37.150"></status>
</kw>
<kw name="Maximize Browser Window" library="SeleniumLibrary">
<doc>Maximizes current browser window.</doc>
<status status="PASS" starttime="20210106 13:16:37.151" endtime="20210106 13:16:41.310"></status>
</kw>
<kw name="Click Element" library="SeleniumLibrary">
<doc>Click the element identified by ``locator``.</doc>
<arguments>
<arg>xpath://a[text()='Login']</arg>
</arguments>
<msg timestamp="20210106 13:16:41.311" level="INFO">Clicking element 'xpath://a[text()='Login']'.</msg>
<status status="PASS" starttime="20210106 13:16:41.311" endtime="20210106 13:16:42.973"></status>
</kw>
<kw name="Read Number of Rows" library="Resources1">
<arguments>
<arg>Munka1</arg>
</arguments>
<assign>
<var>${row}</var>
</assign>
<kw name="Fetch Number Of Rows" library="ReadData">
<arguments>
<arg>${sheetname}</arg>
</arguments>
<assign>
<var>${maxr}</var>
</assign>
<msg timestamp="20210106 13:16:42.975" level="INFO">${maxr} = 4</msg>
<status status="PASS" starttime="20210106 13:16:42.975" endtime="20210106 13:16:42.975"></status>
</kw>
<msg timestamp="20210106 13:16:42.976" level="INFO">${row} = 4</msg>
<status status="PASS" starttime="20210106 13:16:42.974" endtime="20210106 13:16:42.976"></status>
</kw>
<kw name="${i} IN RANGE [ 1 | ${row}+1 ]" type="for">
<kw name="${i} = 1" type="foritem">
<kw name="Read Excel Data of Cell" library="Resources1">
<arguments>
<arg>Munka1</arg>
<arg>${i}</arg>
<arg>1</arg>
</arguments>
<assign>
<var>${username}</var>
</assign>
<kw name="Fetch Cell Data" library="ReadData">
<arguments>
<arg>${sheetname}</arg>
<arg>${row}</arg>
<arg>${cell}</arg>
</arguments>
<assign>
<var>${data}</var>
</assign>
<msg timestamp="20210106 13:16:42.977" level="INFO">${data} = user1</msg>
<status status="PASS" starttime="20210106 13:16:42.977" endtime="20210106 13:16:42.977"></status>
</kw>
<msg timestamp="20210106 13:16:42.978" level="INFO">${username} = user1</msg>
<status status="PASS" starttime="20210106 13:16:42.977" endtime="20210106 13:16:42.978"></status>
</kw>
<kw name="Read Excel Data of Cell" library="Resources1">
<arguments>
<arg>Munka1</arg>
<arg>${i}</arg>
<arg>2</arg>
</arguments>
<assign>
<var>${password}</var>
</assign>
<kw name="Fetch Cell Data" library="ReadData">
<arguments>
<arg>${sheetname}</arg>
<arg>${row}</arg>
<arg>${cell}</arg>
</arguments>
<assign>
<var>${data}</var>
</assign>
<msg timestamp="20210106 13:16:42.979" level="INFO">${data} = pass1</msg>
<status status="PASS" starttime="20210106 13:16:42.979" endtime="20210106 13:16:42.979"></status>
</kw>
<msg timestamp="20210106 13:16:42.979" level="INFO">${password} = pass1</msg>
<status status="PASS" starttime="20210106 13:16:42.978" endtime="20210106 13:16:42.979"></status>
</kw>
<kw name="Input Text" library="SeleniumLibrary">
<doc>Types the given ``text`` into the text field identified by ``locator``.</doc>
<arguments>
<arg>id:username</arg>
<arg>${username}</arg>
</arguments>
<msg timestamp="20210106 13:16:42.980" level="INFO">Typing text 'user1' into text field 'id:username'.</msg>
<status status="PASS" starttime="20210106 13:16:42.979" endtime="20210106 13:16:43.093"></status>
</kw>
<kw name="Input Text" library="SeleniumLibrary">
<doc>Types the given ``text`` into the text field identified by ``locator``.</doc>
<arguments>
<arg>id:password</arg>
<arg>${password}</arg>
</arguments>
<msg timestamp="20210106 13:16:43.094" level="INFO">Typing text 'pass1' into text field 'id:password'.</msg>
<status status="PASS" starttime="20210106 13:16:43.093" endtime="20210106 13:16:43.183"></status>
</kw>
<kw name="Click Button" library="SeleniumLibrary">
<doc>Clicks the button identified by ``locator``.</doc>
<arguments>
<arg>xpath://button[@type='submit']</arg>
</arguments>
<msg timestamp="20210106 13:16:43.183" level="INFO">Clicking button 'xpath://button[@type='submit']'.</msg>
<status status="PASS" starttime="20210106 13:16:43.183" endtime="20210106 13:16:44.032"></status>
</kw>
<kw name="Sleep" library="BuiltIn">
<doc>Pauses the test executed for the given time.</doc>
<arguments>
<arg>5 seconds</arg>
</arguments>
<msg timestamp="20210106 13:16:49.053" level="INFO">Slept 5 seconds</msg>
<status status="PASS" starttime="20210106 13:16:44.032" endtime="20210106 13:16:49.053"></status>
</kw>
<status status="PASS" starttime="20210106 13:16:42.976" endtime="20210106 13:16:49.053"></status>
</kw>
<kw name="${i} = 2" type="foritem">
<kw name="Read Excel Data of Cell" library="Resources1">
<arguments>
<arg>Munka1</arg>
<arg>${i}</arg>
<arg>1</arg>
</arguments>
<assign>
<var>${username}</var>
</assign>
<kw name="Fetch Cell Data" library="ReadData">
<arguments>
<arg>${sheetname}</arg>
<arg>${row}</arg>
<arg>${cell}</arg>
</arguments>
<assign>
<var>${data}</var>
</assign>
<msg timestamp="20210106 13:16:49.053" level="INFO">${data} = user2</msg>
<status status="PASS" starttime="20210106 13:16:49.053" endtime="20210106 13:16:49.053"></status>
</kw>
<msg timestamp="20210106 13:16:49.053" level="INFO">${username} = user2</msg>
<status status="PASS" starttime="20210106 13:16:49.053" endtime="20210106 13:16:49.053"></status>
</kw>
<kw name="Read Excel Data of Cell" library="Resources1">
<arguments>
<arg>Munka1</arg>
<arg>${i}</arg>
<arg>2</arg>
</arguments>
<assign>
<var>${password}</var>
</assign>
<kw name="Fetch Cell Data" library="ReadData">
<arguments>
<arg>${sheetname}</arg>
<arg>${row}</arg>
<arg>${cell}</arg>
</arguments>
<assign>
<var>${data}</var>
</assign>
<msg timestamp="20210106 13:16:49.053" level="INFO">${data} = pass2</msg>
<status status="PASS" starttime="20210106 13:16:49.053" endtime="20210106 13:16:49.053"></status>
</kw>
<msg timestamp="20210106 13:16:49.053" level="INFO">${password} = pass2</msg>
<status status="PASS" starttime="20210106 13:16:49.053" endtime="20210106 13:16:49.053"></status>
</kw>
<kw name="Input Text" library="SeleniumLibrary">
<doc>Types the given ``text`` into the text field identified by ``locator``.</doc>
<arguments>
<arg>id:username</arg>
<arg>${username}</arg>
</arguments>
<msg timestamp="20210106 13:16:49.053" level="INFO">Typing text 'user2' into text field 'id:username'.</msg>
<status status="PASS" starttime="20210106 13:16:49.053" endtime="20210106 13:16:49.168"></status>
</kw>
<kw name="Input Text" library="SeleniumLibrary">
<doc>Types the given ``text`` into the text field identified by ``locator``.</doc>
<arguments>
<arg>id:password</arg>
<arg>${password}</arg>
</arguments>
<msg timestamp="20210106 13:16:49.169" level="INFO">Typing text 'pass2' into text field 'id:password'.</msg>
<status status="PASS" starttime="20210106 13:16:49.169" endtime="20210106 13:16:49.268"></status>
</kw>
<kw name="Click Button" library="SeleniumLibrary">
<doc>Clicks the button identified by ``locator``.</doc>
<arguments>
<arg>xpath://button[@type='submit']</arg>
</arguments>
<msg timestamp="20210106 13:16:49.268" level="INFO">Clicking button 'xpath://button[@type='submit']'.</msg>
<status status="PASS" starttime="20210106 13:16:49.268" endtime="20210106 13:16:49.852"></status>
</kw>
<kw name="Sleep" library="BuiltIn">
<doc>Pauses the test executed for the given time.</doc>
<arguments>
<arg>5 seconds</arg>
</arguments>
<msg timestamp="20210106 13:16:54.854" level="INFO">Slept 5 seconds</msg>
<status status="PASS" starttime="20210106 13:16:49.852" endtime="20210106 13:16:54.855"></status>
</kw>
<status status="PASS" starttime="20210106 13:16:49.053" endtime="20210106 13:16:54.856"></status>
</kw>
<kw name="${i} = 3" type="foritem">
<kw name="Read Excel Data of Cell" library="Resources1">
<arguments>
<arg>Munka1</arg>
<arg>${i}</arg>
<arg>1</arg>
</arguments>
<assign>
<var>${username}</var>
</assign>
<kw name="Fetch Cell Data" library="ReadData">
<arguments>
<arg>${sheetname}</arg>
<arg>${row}</arg>
<arg>${cell}</arg>
</arguments>
<assign>
<var>${data}</var>
</assign>
<msg timestamp="20210106 13:16:54.859" level="INFO">${data} = user3</msg>
<status status="PASS" starttime="20210106 13:16:54.858" endtime="20210106 13:16:54.859"></status>
</kw>
<msg timestamp="20210106 13:16:54.859" level="INFO">${username} = user3</msg>
<status status="PASS" starttime="20210106 13:16:54.857" endtime="20210106 13:16:54.859"></status>
</kw>
<kw name="Read Excel Data of Cell" library="Resources1">
<arguments>
<arg>Munka1</arg>
<arg>${i}</arg>
<arg>2</arg>
</arguments>
<assign>
<var>${password}</var>
</assign>
<kw name="Fetch Cell Data" library="ReadData">
<arguments>
<arg>${sheetname}</arg>
<arg>${row}</arg>
<arg>${cell}</arg>
</arguments>
<assign>
<var>${data}</var>
</assign>
<msg timestamp="20210106 13:16:54.860" level="INFO">${data} = pass3</msg>
<status status="PASS" starttime="20210106 13:16:54.860" endtime="20210106 13:16:54.860"></status>
</kw>
<msg timestamp="20210106 13:16:54.860" level="INFO">${password} = pass3</msg>
<status status="PASS" starttime="20210106 13:16:54.859" endtime="20210106 13:16:54.860"></status>
</kw>
<kw name="Input Text" library="SeleniumLibrary">
<doc>Types the given ``text`` into the text field identified by ``locator``.</doc>
<arguments>
<arg>id:username</arg>
<arg>${username}</arg>
</arguments>
<msg timestamp="20210106 13:16:54.861" level="INFO">Typing text 'user3' into text field 'id:username'.</msg>
<status status="PASS" starttime="20210106 13:16:54.860" endtime="20210106 13:16:54.956"></status>
</kw>
<kw name="Input Text" library="SeleniumLibrary">
<doc>Types the given ``text`` into the text field identified by ``locator``.</doc>
<arguments>
<arg>id:password</arg>
<arg>${password}</arg>
</arguments>
<msg timestamp="20210106 13:16:54.956" level="INFO">Typing text 'pass3' into text field 'id:password'.</msg>
<status status="PASS" starttime="20210106 13:16:54.956" endtime="20210106 13:16:55.050"></status>
</kw>
<kw name="Click Button" library="SeleniumLibrary">
<doc>Clicks the button identified by ``locator``.</doc>
<arguments>
<arg>xpath://button[@type='submit']</arg>
</arguments>
<msg timestamp="20210106 13:16:55.050" level="INFO">Clicking button 'xpath://button[@type='submit']'.</msg>
<status status="PASS" starttime="20210106 13:16:55.050" endtime="20210106 13:16:55.620"></status>
</kw>
<kw name="Sleep" library="BuiltIn">
<doc>Pauses the test executed for the given time.</doc>
<arguments>
<arg>5 seconds</arg>
</arguments>
<msg timestamp="20210106 13:17:00.628" level="INFO">Slept 5 seconds</msg>
<status status="PASS" starttime="20210106 13:16:55.620" endtime="20210106 13:17:00.629"></status>
</kw>
<status status="PASS" starttime="20210106 13:16:54.856" endtime="20210106 13:17:00.629"></status>
</kw>
<kw name="${i} = 4" type="foritem">
<kw name="Read Excel Data of Cell" library="Resources1">
<arguments>
<arg>Munka1</arg>
<arg>${i}</arg>
<arg>1</arg>
</arguments>
<assign>
<var>${username}</var>
</assign>
<kw name="Fetch Cell Data" library="ReadData">
<arguments>
<arg>${sheetname}</arg>
<arg>${row}</arg>
<arg>${cell}</arg>
</arguments>
<assign>
<var>${data}</var>
</assign>
<msg timestamp="20210106 13:17:00.632" level="INFO">${data} = user4</msg>
<status status="PASS" starttime="20210106 13:17:00.631" endtime="20210106 13:17:00.632"></status>
</kw>
<msg timestamp="20210106 13:17:00.633" level="INFO">${username} = user4</msg>
<status status="PASS" starttime="20210106 13:17:00.629" endtime="20210106 13:17:00.633"></status>
</kw>
<kw name="Read Excel Data of Cell" library="Resources1">
<arguments>
<arg>Munka1</arg>
<arg>${i}</arg>
<arg>2</arg>
</arguments>
<assign>
<var>${password}</var>
</assign>
<kw name="Fetch Cell Data" library="ReadData">
<arguments>
<arg>${sheetname}</arg>
<arg>${row}</arg>
<arg>${cell}</arg>
</arguments>
<assign>
<var>${data}</var>
</assign>
<msg timestamp="20210106 13:17:00.634" level="INFO">${data} = pass4</msg>
<status status="PASS" starttime="20210106 13:17:00.634" endtime="20210106 13:17:00.634"></status>
</kw>
<msg timestamp="20210106 13:17:00.634" level="INFO">${password} = pass4</msg>
<status status="PASS" starttime="20210106 13:17:00.633" endtime="20210106 13:17:00.634"></status>
</kw>
<kw name="Input Text" library="SeleniumLibrary">
<doc>Types the given ``text`` into the text field identified by ``locator``.</doc>
<arguments>
<arg>id:username</arg>
<arg>${username}</arg>
</arguments>
<msg timestamp="20210106 13:17:00.635" level="INFO">Typing text 'user4' into text field 'id:username'.</msg>
<status status="PASS" starttime="20210106 13:17:00.634" endtime="20210106 13:17:00.729"></status>
</kw>
<kw name="Input Text" library="SeleniumLibrary">
<doc>Types the given ``text`` into the text field identified by ``locator``.</doc>
<arguments>
<arg>id:password</arg>
<arg>${password}</arg>
</arguments>
<msg timestamp="20210106 13:17:00.729" level="INFO">Typing text 'pass4' into text field 'id:password'.</msg>
<status status="PASS" starttime="20210106 13:17:00.729" endtime="20210106 13:17:00.829"></status>
</kw>
<kw name="Click Button" library="SeleniumLibrary">
<doc>Clicks the button identified by ``locator``.</doc>
<arguments>
<arg>xpath://button[@type='submit']</arg>
</arguments>
<msg timestamp="20210106 13:17:00.830" level="INFO">Clicking button 'xpath://button[@type='submit']'.</msg>
<status status="PASS" starttime="20210106 13:17:00.830" endtime="20210106 13:17:02.631"></status>
</kw>
<kw name="Sleep" library="BuiltIn">
<doc>Pauses the test executed for the given time.</doc>
<arguments>
<arg>5 seconds</arg>
</arguments>
<msg timestamp="20210106 13:17:07.640" level="INFO">Slept 5 seconds</msg>
<status status="PASS" starttime="20210106 13:17:02.632" endtime="20210106 13:17:07.640"></status>
</kw>
<status status="PASS" starttime="20210106 13:17:00.629" endtime="20210106 13:17:07.640"></status>
</kw>
<status status="PASS" starttime="20210106 13:16:42.976" endtime="20210106 13:17:07.640"></status>
</kw>
<status status="PASS" starttime="20210106 13:16:28.347" endtime="20210106 13:17:07.641" critical="yes"></status>
</test>
<status status="PASS" starttime="20210106 13:16:27.512" endtime="20210106 13:17:07.643"></status>
</suite>
<statistics>
<total>
<stat pass="1" fail="0">Critical Tests</stat>
<stat pass="1" fail="0">All Tests</stat>
</total>
<tag>
</tag>
<suite>
<stat pass="1" fail="0" id="s1" name="TDD">TDD</stat>
</suite>
</statistics>
<errors>
</errors>
</robot>
